<?xml version="1.0" encoding="UTF-8"?>
<testng-results ignored="0" total="2" passed="2" failed="0" skipped="0">
  <reporter-output>
  </reporter-output>
  <suite started-at="2026-04-28T16:34:43 IST" name="Amazon Parallel Test Suite" finished-at="2026-04-28T16:35:55 IST" duration-ms="71017">
    <groups>
    </groups>
    <test started-at="2026-04-28T16:34:43 IST" name="Amazon Device Search Tests" finished-at="2026-04-28T16:35:55 IST" duration-ms="71017">
      <class name="com.amazon.tests.AmazonSearchTest">
        <test-method is-config="true" signature="setUp()[pri:0, instance:com.amazon.tests.AmazonSearchTest@28701274]" started-at="2026-04-28T16:34:44 IST" name="setUp" finished-at="2026-04-28T16:34:46 IST" duration-ms="2822" status="PASS">
          <reporter-output>
          </reporter-output>
        </test-method> <!-- setUp -->
        <test-method is-config="true" signature="setUp()[pri:0, instance:com.amazon.tests.AmazonSearchTest@28701274]" started-at="2026-04-28T16:34:44 IST" name="setUp" finished-at="2026-04-28T16:34:46 IST" duration-ms="2822" status="PASS">
          <reporter-output>
          </reporter-output>
        </test-method> <!-- setUp -->
        <test-method signature="testGalaxySearch()[pri:0, instance:com.amazon.tests.AmazonSearchTest@28701274]" started-at="2026-04-28T16:34:46 IST" name="testGalaxySearch" description="TC2: Search for Galaxy device, add to cart, print price" finished-at="2026-04-28T16:35:20 IST" duration-ms="33812" status="PASS">
          <reporter-output>
          </reporter-output>
        </test-method> <!-- testGalaxySearch -->
        <test-method signature="testIPhoneSearch()[pri:0, instance:com.amazon.tests.AmazonSearchTest@28701274]" started-at="2026-04-28T16:34:46 IST" name="testIPhoneSearch" description="TC1: Search for iPhone, add to cart/list, print price" finished-at="2026-04-28T16:35:54 IST" duration-ms="67906" status="PASS">
          <reporter-output>
          </reporter-output>
        </test-method> <!-- testIPhoneSearch -->
        <test-method is-config="true" signature="tearDown()[pri:0, instance:com.amazon.tests.AmazonSearchTest@28701274]" started-at="2026-04-28T16:35:20 IST" name="tearDown" finished-at="2026-04-28T16:35:21 IST" duration-ms="613" status="PASS">
          <reporter-output>
          </reporter-output>
        </test-method> <!-- tearDown -->
        <test-method is-config="true" signature="tearDown()[pri:0, instance:com.amazon.tests.AmazonSearchTest@28701274]" started-at="2026-04-28T16:35:54 IST" name="tearDown" finished-at="2026-04-28T16:35:55 IST" duration-ms="208" status="PASS">
          <reporter-output>
          </reporter-output>
        </test-method> <!-- tearDown -->
      </class> <!-- com.amazon.tests.AmazonSearchTest -->
    </test> <!-- Amazon Device Search Tests -->
  </suite> <!-- Amazon Parallel Test Suite -->
</testng-results>
