<?xml version="1.0" encoding="UTF-8"?>
<!-- Generated by org.testng.reporters.JUnitReportReporter -->
<testsuite hostname="DESKTOP-1G5R1KG" failures="0" tests="2" name="com.amazon.tests.AmazonSearchTest" time="108.183" errors="0" timestamp="2026-04-28T16:35:55 IST" skipped="0">
  <testcase classname="com.amazon.tests.AmazonSearchTest" name="testGalaxySearch" time="37.247"/>
  <testcase classname="com.amazon.tests.AmazonSearchTest" name="testIPhoneSearch" time="70.936"/>
</testsuite> <!-- com.amazon.tests.AmazonSearchTest -->
