<?xml version="1.0" encoding="UTF-8"?>
<!-- Generated by org.testng.reporters.JUnitXMLReporter -->
<testsuite ignored="0" hostname="DESKTOP-1G5R1KG" failures="0" tests="2" name="Amazon Device Search Tests" time="71.017" errors="0" timestamp="2026-04-28T16:35:55 IST">
  <testcase classname="com.amazon.tests.AmazonSearchTest" name="testGalaxySearch" time="33.812"/>
  <testcase classname="com.amazon.tests.AmazonSearchTest" name="testIPhoneSearch" time="67.906"/>
</testsuite> <!-- Amazon Device Search Tests -->
